<?xml version="1.0" encoding="UTF-8"?>
<!-- Generated by org.testng.reporters.JUnitReportReporter -->
<testsuite hostname="Deepak" failures="0" tests="7" name="com.identifycourses.pages.searchLanguages" time="17.848" errors="1" timestamp="2021-02-18T13:20:15 IST" skipped="0">
  <testcase classname="com.identifycourses.pages.searchLanguages" name="searchLang" time="7.608"/>
  <system-out/>
  <testcase classname="com.identifycourses.pages.searchLanguages" name="after_Suite" time="0.001">
    <error message="Unresolved compilation problems: 
	FileInputStream cannot be resolved to a type
	FileInputStream cannot be resolved to a type
" type="java.lang.Error">
      <![CDATA[java.lang.Error: Unresolved compilation problems: 
FileInputStream cannot be resolved to a type
FileInputStream cannot be resolved to a type

at com.identifycourses.utils.Write_Excel1.writeResult2(Write_Excel1.java:21)
at com.identifycourses.pages.searchLanguages.after_Suite(searchLanguages.java:111)
at java.base/jdk.internal.reflect.NativeMethodAccessorImpl.invoke0(Native Method)
at java.base/jdk.internal.reflect.NativeMethodAccessorImpl.invoke(NativeMethodAccessorImpl.java:64)
at java.base/jdk.internal.reflect.DelegatingMethodAccessorImpl.invoke(DelegatingMethodAccessorImpl.java:43)
at java.base/java.lang.reflect.Method.invoke(Method.java:564)
at org.testng.internal.MethodInvocationHelper.invokeMethod(MethodInvocationHelper.java:132)
at org.testng.internal.MethodInvocationHelper.invokeMethodConsideringTimeout(MethodInvocationHelper.java:61)
at org.testng.internal.ConfigInvoker.invokeConfigurationMethod(ConfigInvoker.java:366)
at org.testng.internal.ConfigInvoker.invokeConfigurations(ConfigInvoker.java:320)
at org.testng.SuiteRunner.privateRun(SuiteRunner.java:351)
at org.testng.SuiteRunner.run(SuiteRunner.java:286)
at org.testng.SuiteRunnerWorker.runSuite(SuiteRunnerWorker.java:53)
at org.testng.SuiteRunnerWorker.run(SuiteRunnerWorker.java:96)
at org.testng.TestNG.runSuitesSequentially(TestNG.java:1218)
at org.testng.TestNG.runSuitesSequentially(TestNG.java:1213)
at org.testng.TestNG.runSuitesLocally(TestNG.java:1140)
at org.testng.TestNG.runSuites(TestNG.java:1069)
at org.testng.TestNG.run(TestNG.java:1037)
at org.testng.remote.AbstractRemoteTestNG.run(AbstractRemoteTestNG.java:115)
at org.testng.remote.RemoteTestNG.initAndRun(RemoteTestNG.java:251)
at org.testng.remote.RemoteTestNG.main(RemoteTestNG.java:77)
]]>
    </error>
  </testcase> <!-- after_Suite -->
  <system-out/>
  <testcase classname="com.identifycourses.pages.searchLanguages" name="getLanguages" time="7.289"/>
  <system-out/>
  <testcase classname="com.identifycourses.pages.searchLanguages" name="getLangCourse" time="2.331"/>
  <system-out/>
  <testcase classname="com.identifycourses.pages.searchLanguages" name="get2D" time="0.005"/>
  <system-out/>
  <testcase classname="com.identifycourses.pages.searchLanguages" name="getLevels" time="0.372"/>
  <system-out/>
  <testcase classname="com.identifycourses.pages.searchLanguages" name="getLevelsTotal" time="0.242"/>
  <system-out/>
</testsuite> <!-- com.identifycourses.pages.searchLanguages -->
