<?xml version="1.0" encoding="UTF-8"?>
<!-- Generated by org.testng.reporters.JUnitReportReporter -->
<testsuite hostname="Deepak" failures="0" tests="5" name="com.identifycourses.pages.searchWebDevelopment" time="22.491" errors="1" timestamp="2021-02-18T13:20:15 IST" skipped="0">
  <testcase classname="com.identifycourses.pages.searchWebDevelopment" name="after_Suite" time="0.002">
    <error message="Unresolved compilation problems: 
	FileInputStream cannot be resolved to a type
	FileInputStream cannot be resolved to a type
" type="java.lang.Error">
      <![CDATA[java.lang.Error: Unresolved compilation problems: 
FileInputStream cannot be resolved to a type
FileInputStream cannot be resolved to a type

at com.identifycourses.utils.Write_Excel.writeResult1(Write_Excel.java:23)
at com.identifycourses.pages.searchWebDevelopment.after_Suite(searchWebDevelopment.java:117)
at java.base/jdk.internal.reflect.NativeMethodAccessorImpl.invoke0(Native Method)
at java.base/jdk.internal.reflect.NativeMethodAccessorImpl.invoke(NativeMethodAccessorImpl.java:64)
at java.base/jdk.internal.reflect.DelegatingMethodAccessorImpl.invoke(DelegatingMethodAccessorImpl.java:43)
at java.base/java.lang.reflect.Method.invoke(Method.java:564)
at org.testng.internal.MethodInvocationHelper.invokeMethod(MethodInvocationHelper.java:132)
at org.testng.internal.MethodInvocationHelper.invokeMethodConsideringTimeout(MethodInvocationHelper.java:61)
at org.testng.internal.ConfigInvoker.invokeConfigurationMethod(ConfigInvoker.java:366)
at org.testng.internal.ConfigInvoker.invokeConfigurations(ConfigInvoker.java:320)
at org.testng.SuiteRunner.privateRun(SuiteRunner.java:351)
at org.testng.SuiteRunner.run(SuiteRunner.java:286)
at org.testng.SuiteRunnerWorker.runSuite(SuiteRunnerWorker.java:53)
at org.testng.SuiteRunnerWorker.run(SuiteRunnerWorker.java:96)
at org.testng.TestNG.runSuitesSequentially(TestNG.java:1218)
at org.testng.TestNG.runSuitesSequentially(TestNG.java:1213)
at org.testng.TestNG.runSuitesLocally(TestNG.java:1140)
at org.testng.TestNG.runSuites(TestNG.java:1069)
at org.testng.TestNG.run(TestNG.java:1037)
at org.testng.remote.AbstractRemoteTestNG.run(AbstractRemoteTestNG.java:115)
at org.testng.remote.RemoteTestNG.initAndRun(RemoteTestNG.java:251)
at org.testng.remote.RemoteTestNG.main(RemoteTestNG.java:77)
]]>
    </error>
  </testcase> <!-- after_Suite -->
  <system-out/>
  <testcase classname="com.identifycourses.pages.searchWebDevelopment" name="searchcourse" time="4.998"/>
  <system-out/>
  <testcase classname="com.identifycourses.pages.searchWebDevelopment" name="addFilters" time="8.597"/>
  <system-out/>
  <testcase classname="com.identifycourses.pages.searchWebDevelopment" name="getCourses" time="8.005"/>
  <system-out/>
  <testcase classname="com.identifycourses.pages.searchWebDevelopment" name="verify1stCourse" time="0.889"/>
  <system-out/>
</testsuite> <!-- com.identifycourses.pages.searchWebDevelopment -->
