<?xml version="1.0" encoding="UTF-8"?>
<!-- Generated by org.testng.reporters.JUnitReportReporter -->
<testsuite hostname="Deepak" failures="0" tests="15" name="com.identifycourses.tests.IdentifyCoursesTests" time="442.021" errors="0" timestamp="2021-02-25T09:25:56 IST" skipped="0">
  <testcase classname="com.identifycourses.tests.IdentifyCoursesTests" name="Test_Case1" time="79.315"/>
  <system-out/>
  <testcase classname="com.identifycourses.tests.IdentifyCoursesTests" name="Test_Case2" time="55.927"/>
  <system-out/>
  <testcase classname="com.identifycourses.tests.IdentifyCoursesTests" name="Test_Case3" time="62.513"/>
  <system-out/>
  <testcase classname="com.identifycourses.tests.IdentifyCoursesTests" name="Test_Case4" time="19.317"/>
  <system-out/>
  <testcase classname="com.identifycourses.tests.IdentifyCoursesTests" name="Test_Case5" time="21.441"/>
  <system-out/>
  <testcase classname="com.identifycourses.tests.IdentifyCoursesTests" name="Test_Case6" time="18.844"/>
  <system-out/>
  <testcase classname="com.identifycourses.tests.IdentifyCoursesTests" name="Test_Case7" time="14.112"/>
  <system-out/>
  <testcase classname="com.identifycourses.tests.IdentifyCoursesTests" name="Test_Case8" time="24.814"/>
  <system-out/>
  <testcase classname="com.identifycourses.tests.IdentifyCoursesTests" name="Test_Case9" time="20.207"/>
  <system-out/>
  <testcase classname="com.identifycourses.tests.IdentifyCoursesTests" name="Test_Case10" time="22.580"/>
  <system-out/>
  <testcase classname="com.identifycourses.tests.IdentifyCoursesTests" name="Test_Case11" time="20.823"/>
  <system-out/>
  <testcase classname="com.identifycourses.tests.IdentifyCoursesTests" name="Test_Case12" time="20.475"/>
  <system-out/>
  <testcase classname="com.identifycourses.tests.IdentifyCoursesTests" name="Test_Case13" time="14.314"/>
  <system-out/>
  <testcase classname="com.identifycourses.tests.IdentifyCoursesTests" name="Test_Case14" time="25.860"/>
  <system-out/>
  <testcase classname="com.identifycourses.tests.IdentifyCoursesTests" name="Test_Case15" time="21.479"/>
  <system-out/>
</testsuite> <!-- com.identifycourses.tests.IdentifyCoursesTests -->
